{
  date: '2024-06-19T07:02:29.940Z',
  message: '\n' +
    'Invalid `prisma.parking_incharge.create()` invocation in\n' +
    'W:\\Juidco all backup\\JuidcParking\\Backend\\src\\component\\juidcoPTMS\\dao\\onBoardParkingIncharge\\onboardParkingIncharge.dao.ts:71:48\n' +
    '\n' +
    '  68   },\n' +
    '  69 };\n' +
    '  70 \n' +
    '→ 71 const data = await prisma.parking_incharge.create({\n' +
    '       data: {\n' +
    '         middle_name: undefined,\n' +
    '         last_name: "kumar",\n' +
    '         age: "43",\n' +
    '         blood_grp: "b+",\n' +
    '         mobile_no: "24334534253",\n' +
    '         address: "Ranchi Jharkhand",\n' +
    '         email_id: "rahul@gmail.com",\n' +
    '         emergency_mob_no: "52345324534",\n' +
    '         kyc_doc: undefined,\n' +
    '         fitness_doc: undefined,\n' +
    '         cunique_id: "PMSA-03-1798",\n' +
    '         updated_at: new Date("2024-06-19T07:02:29.930Z"),\n' +
    '     +   first_name: String\n' +
    '       }\n' +
    '     })\n' +
    '\n' +
    'Argument `first_name` is missing.',
  apiId: '0101',
  level: 'error',
  timestamp: '6/19/2024, 12:32:29 PM'
}
