{
  date: '2024-06-25T12:31:05.320Z',
  message: '\n' +
    'Invalid `prisma.receipts.create()` invocation in\n' +
    '/home/krish-vishwakarma/Desktop/J-Parking/Backend/src/component/juidcoPTMS/dao/receipt/receipt.dao.ts:60:40\n' +
    '\n' +
    '  57 \n' +
    '  58 type_parking_space === 0;\n' +
    '  59 \n' +
    '→ 60 const data = await prisma.receipts.create(\n' +
    'Foreign key constraint failed on the field: `receipts_incharge_id_fkey (index)`',
  apiId: '0501',
  level: 'error',
  timestamp: '6/25/2024, 6:01:05 PM'
}
{
  date: '2024-06-25T12:32:15.746Z',
  message: '\n' +
    'Invalid `prisma.$queryRaw()` invocation:\n' +
    '\n' +
    '\n' +
    'Raw query failed. Code: `42P01`. Message: `relation "ulb_masters" does not exist`',
  apiId: '0101',
  level: 'error',
  timestamp: '6/25/2024, 6:02:15 PM'
}
